android/app/build/intermediates/manifest_merge_blame_file/debug/manifest-merger-blame-debug-report.txt
1<?xml version="1.0" encoding="utf-8"?>
2<manifest xmlns:android="http://schemas.android.com/apk/res/android"
3    package="com.wb.wedcellbussiness"
4    android:versionCode="7"
5    android:versionName="1.2.1" >
6
7    <uses-sdk
8        android:minSdkVersion="21"
8-->src\main\AndroidManifest.xml
9        android:targetSdkVersion="31" />
9-->src\main\AndroidManifest.xml
10
11    <uses-permission android:name="android.permission.INTERNET" />
11-->src\main\AndroidManifest.xml:4:5-67
11-->src\main\AndroidManifest.xml:4:22-64
12    <uses-permission android:name="android.permission.CAMERA" />
12-->src\main\AndroidManifest.xml:5:5-65
12-->src\main\AndroidManifest.xml:5:22-62
13    <uses-permission android:name="android.permission.READ_EXTERNAL_STORAGE" />
13-->src\main\AndroidManifest.xml:6:5-80
13-->src\main\AndroidManifest.xml:6:22-77
14    <uses-permission android:name="android.permission.WRITE_EXTERNAL_STORAGE" />
14-->src\main\AndroidManifest.xml:7:5-81
14-->src\main\AndroidManifest.xml:7:22-78
15    <uses-permission android:name="android.permission.ACCESS_WIFI_STATE" />
15-->[com.facebook.flipper:flipper:0.150.0] AndroidManifest.xml:16:5-76
15-->[com.facebook.flipper:flipper:0.150.0] AndroidManifest.xml:16:22-73
16    <uses-permission android:name="android.permission.ACCESS_NETWORK_STATE" />
16-->[:react-native-community_netinfo] AndroidManifest.xml:9:5-79
16-->[:react-native-community_netinfo] AndroidManifest.xml:9:22-76
17    <uses-permission android:name="android.permission.WAKE_LOCK" />
17-->[:react-native-firebase_auth] AndroidManifest.xml:12:5-68
17-->[:react-native-firebase_auth] AndroidManifest.xml:12:22-65
18
19    <queries>
19-->[:react-native-image-crop-picker] AndroidManifest.xml:10:5-14:15
20        <intent>
20-->[:react-native-image-crop-picker] AndroidManifest.xml:11:9-13:18
21            <action android:name="android.media.action.IMAGE_CAPTURE" />
21-->[:react-native-image-crop-picker] AndroidManifest.xml:12:13-73
21-->[:react-native-image-crop-picker] AndroidManifest.xml:12:21-70
22        </intent>
23    </queries> <!-- Required by older versions of Google Play services to create IID tokens -->
24    <uses-permission android:name="com.google.android.c2dm.permission.RECEIVE" />
24-->[com.google.firebase:firebase-messaging:23.0.5] AndroidManifest.xml:28:5-82
24-->[com.google.firebase:firebase-messaging:23.0.5] AndroidManifest.xml:28:22-79
25
26    <application
26-->src\main\AndroidManifest.xml:9:5-28:19
27        android:name="com.wb.wedcellbussiness.MainApplication"
27-->src\main\AndroidManifest.xml:10:7-38
28        android:allowBackup="false"
28-->src\main\AndroidManifest.xml:14:7-34
29        android:appComponentFactory="androidx.core.app.CoreComponentFactory"
29-->[androidx.core:core:1.5.0] AndroidManifest.xml:24:18-86
30        android:debuggable="true"
31        android:icon="@mipmap/ic_launcher"
31-->src\main\AndroidManifest.xml:12:7-41
32        android:label="@string/app_name"
32-->src\main\AndroidManifest.xml:11:7-39
33        android:roundIcon="@mipmap/ic_launcher_round"
33-->src\main\AndroidManifest.xml:13:7-52
34        android:theme="@style/SplashTheme"
34-->src\main\AndroidManifest.xml:15:7-41
35        android:usesCleartextTraffic="true" >
35-->src\main\AndroidManifest.xml:16:7-42
36        <activity
36-->src\main\AndroidManifest.xml:17:7-27:18
37            android:name="com.wb.wedcellbussiness.MainActivity"
37-->src\main\AndroidManifest.xml:18:9-37
38            android:configChanges="keyboard|keyboardHidden|orientation|screenSize|uiMode"
38-->src\main\AndroidManifest.xml:20:9-86
39            android:label="@string/app_name"
39-->src\main\AndroidManifest.xml:19:9-41
40            android:launchMode="singleTask"
40-->src\main\AndroidManifest.xml:21:9-40
41            android:windowSoftInputMode="adjustResize" >
41-->src\main\AndroidManifest.xml:22:9-51
42            <intent-filter>
42-->src\main\AndroidManifest.xml:23:9-26:25
43                <action android:name="android.intent.action.MAIN" />
43-->src\main\AndroidManifest.xml:24:13-65
43-->src\main\AndroidManifest.xml:24:21-62
44
45                <category android:name="android.intent.category.LAUNCHER" />
45-->src\main\AndroidManifest.xml:25:13-73
45-->src\main\AndroidManifest.xml:25:23-70
46            </intent-filter>
47        </activity>
48
49        <service
49-->[:react-native-firebase_messaging] AndroidManifest.xml:16:9-18:40
50            android:name="io.invertase.firebase.messaging.ReactNativeFirebaseMessagingHeadlessService"
50-->[:react-native-firebase_messaging] AndroidManifest.xml:17:13-103
51            android:exported="false" />
51-->[:react-native-firebase_messaging] AndroidManifest.xml:18:13-37
52        <service
52-->[:react-native-firebase_messaging] AndroidManifest.xml:19:9-25:19
53            android:name="io.invertase.firebase.messaging.ReactNativeFirebaseMessagingService"
53-->[:react-native-firebase_messaging] AndroidManifest.xml:20:13-95
54            android:exported="false" >
54-->[:react-native-firebase_messaging] AndroidManifest.xml:21:13-37
55            <intent-filter>
55-->[:react-native-firebase_messaging] AndroidManifest.xml:22:13-24:29
56                <action android:name="com.google.firebase.MESSAGING_EVENT" />
56-->[:react-native-firebase_messaging] AndroidManifest.xml:23:17-78
56-->[:react-native-firebase_messaging] AndroidManifest.xml:23:25-75
57            </intent-filter>
58        </service>
59
60        <receiver
60-->[:react-native-firebase_messaging] AndroidManifest.xml:27:9-34:20
61            android:name="io.invertase.firebase.messaging.ReactNativeFirebaseMessagingReceiver"
61-->[:react-native-firebase_messaging] AndroidManifest.xml:28:13-96
62            android:exported="true"
62-->[:react-native-firebase_messaging] AndroidManifest.xml:29:13-36
63            android:permission="com.google.android.c2dm.permission.SEND" >
63-->[:react-native-firebase_messaging] AndroidManifest.xml:30:13-73
64            <intent-filter>
64-->[:react-native-firebase_messaging] AndroidManifest.xml:31:13-33:29
65                <action android:name="com.google.android.c2dm.intent.RECEIVE" />
65-->[:react-native-firebase_messaging] AndroidManifest.xml:32:17-81
65-->[:react-native-firebase_messaging] AndroidManifest.xml:32:25-78
66            </intent-filter>
67        </receiver>
68
69        <meta-data
69-->[:react-native-firebase_messaging] AndroidManifest.xml:36:9-38:36
70            android:name="firebase_messaging_auto_init_enabled"
70-->[:react-native-firebase_messaging] AndroidManifest.xml:37:13-64
71            android:value="true" />
71-->[:react-native-firebase_messaging] AndroidManifest.xml:38:13-33
72        <meta-data
72-->[:react-native-firebase_messaging] AndroidManifest.xml:39:9-41:32
73            android:name="com.google.firebase.messaging.default_notification_channel_id"
73-->[:react-native-firebase_messaging] AndroidManifest.xml:40:13-89
74            android:value="" />
74-->[:react-native-firebase_messaging] AndroidManifest.xml:41:13-29
75        <meta-data
75-->[:react-native-firebase_messaging] AndroidManifest.xml:42:9-44:47
76            android:name="com.google.firebase.messaging.default_notification_color"
76-->[:react-native-firebase_messaging] AndroidManifest.xml:43:13-84
77            android:resource="@color/white" />
77-->[:react-native-firebase_messaging] AndroidManifest.xml:44:13-44
78        <meta-data
78-->[:react-native-firebase_app] AndroidManifest.xml:13:9-15:36
79            android:name="app_data_collection_default_enabled"
79-->[:react-native-firebase_app] AndroidManifest.xml:14:13-63
80            android:value="true" />
80-->[:react-native-firebase_app] AndroidManifest.xml:15:13-33
81
82        <service
82-->[:react-native-firebase_app] AndroidManifest.xml:17:9-25:19
83            android:name="com.google.firebase.components.ComponentDiscoveryService"
83-->[:react-native-firebase_app] AndroidManifest.xml:18:13-84
84            android:directBootAware="true"
84-->[:react-native-firebase_app] AndroidManifest.xml:19:13-43
85            android:exported="false" >
85-->[:react-native-firebase_app] AndroidManifest.xml:20:13-37
86            <meta-data
86-->[:react-native-firebase_app] AndroidManifest.xml:22:13-24:85
87                android:name="com.google.firebase.components:io.invertase.firebase.app.ReactNativeFirebaseAppRegistrar"
87-->[:react-native-firebase_app] AndroidManifest.xml:23:17-120
88                android:value="com.google.firebase.components.ComponentRegistrar" />
88-->[:react-native-firebase_app] AndroidManifest.xml:24:17-82
89            <meta-data
89-->[com.google.firebase:firebase-auth:21.0.5] AndroidManifest.xml:67:13-69:85
90                android:name="com.google.firebase.components:com.google.firebase.auth.FirebaseAuthRegistrar"
90-->[com.google.firebase:firebase-auth:21.0.5] AndroidManifest.xml:68:17-109
91                android:value="com.google.firebase.components.ComponentRegistrar" />
91-->[com.google.firebase:firebase-auth:21.0.5] AndroidManifest.xml:69:17-82
92            <meta-data
92-->[com.google.firebase:firebase-messaging:23.0.5] AndroidManifest.xml:55:13-57:85
93                android:name="com.google.firebase.components:com.google.firebase.messaging.FirebaseMessagingRegistrar"
93-->[com.google.firebase:firebase-messaging:23.0.5] AndroidManifest.xml:56:17-119
94                android:value="com.google.firebase.components.ComponentRegistrar" />
94-->[com.google.firebase:firebase-messaging:23.0.5] AndroidManifest.xml:57:17-82
95            <meta-data
95-->[com.google.firebase:firebase-datatransport:18.1.4] AndroidManifest.xml:28:13-30:85
96                android:name="com.google.firebase.components:com.google.firebase.datatransport.TransportRegistrar"
96-->[com.google.firebase:firebase-datatransport:18.1.4] AndroidManifest.xml:29:17-115
97                android:value="com.google.firebase.components.ComponentRegistrar" />
97-->[com.google.firebase:firebase-datatransport:18.1.4] AndroidManifest.xml:30:17-82
98            <meta-data
98-->[com.google.firebase:firebase-installations:17.0.1] AndroidManifest.xml:18:13-20:85
99                android:name="com.google.firebase.components:com.google.firebase.installations.FirebaseInstallationsRegistrar"
99-->[com.google.firebase:firebase-installations:17.0.1] AndroidManifest.xml:19:17-127
100                android:value="com.google.firebase.components.ComponentRegistrar" />
100-->[com.google.firebase:firebase-installations:17.0.1] AndroidManifest.xml:20:17-82
101        </service>
102
103        <provider
103-->[:react-native-firebase_app] AndroidManifest.xml:27:9-31:38
104            android:name="io.invertase.firebase.app.ReactNativeFirebaseAppInitProvider"
104-->[:react-native-firebase_app] AndroidManifest.xml:28:13-88
105            android:authorities="com.wb.wedcellbussiness.reactnativefirebaseappinitprovider"
105-->[:react-native-firebase_app] AndroidManifest.xml:29:13-86
106            android:exported="false"
106-->[:react-native-firebase_app] AndroidManifest.xml:30:13-37
107            android:initOrder="99" />
107-->[:react-native-firebase_app] AndroidManifest.xml:31:13-35
108        <provider
108-->[:react-native-image-crop-picker] AndroidManifest.xml:19:9-27:20
109            android:name="androidx.core.content.FileProvider"
109-->[:react-native-image-crop-picker] AndroidManifest.xml:20:13-62
110            android:authorities="com.wb.wedcellbussiness.provider"
110-->[:react-native-image-crop-picker] AndroidManifest.xml:21:13-60
111            android:exported="false"
111-->[:react-native-image-crop-picker] AndroidManifest.xml:22:13-37
112            android:grantUriPermissions="true" >
112-->[:react-native-image-crop-picker] AndroidManifest.xml:23:13-47
113            <meta-data
113-->[:react-native-image-crop-picker] AndroidManifest.xml:24:13-26:58
114                android:name="android.support.FILE_PROVIDER_PATHS"
114-->[:react-native-image-crop-picker] AndroidManifest.xml:25:17-67
115                android:resource="@xml/provider_paths" />
115-->[:react-native-image-crop-picker] AndroidManifest.xml:26:17-55
116        </provider>
117
118        <activity
118-->[:react-native-image-crop-picker] AndroidManifest.xml:29:9-31:72
119            android:name="com.yalantis.ucrop.UCropActivity"
119-->[:react-native-image-crop-picker] AndroidManifest.xml:30:13-60
120            android:theme="@style/Theme.AppCompat.Light.NoActionBar" />
120-->[:react-native-image-crop-picker] AndroidManifest.xml:31:13-69
121
122        <provider
122-->[:react-native-image-picker] AndroidManifest.xml:12:9-20:20
123            android:name="com.imagepicker.ImagePickerProvider"
123-->[:react-native-image-picker] AndroidManifest.xml:13:13-63
124            android:authorities="com.wb.wedcellbussiness.imagepickerprovider"
124-->[:react-native-image-picker] AndroidManifest.xml:14:13-71
125            android:exported="false"
125-->[:react-native-image-picker] AndroidManifest.xml:15:13-37
126            android:grantUriPermissions="true" >
126-->[:react-native-image-picker] AndroidManifest.xml:16:13-47
127            <meta-data
127-->[:react-native-image-crop-picker] AndroidManifest.xml:24:13-26:58
128                android:name="android.support.FILE_PROVIDER_PATHS"
128-->[:react-native-image-crop-picker] AndroidManifest.xml:25:17-67
129                android:resource="@xml/imagepicker_provider_paths" />
129-->[:react-native-image-crop-picker] AndroidManifest.xml:26:17-55
130        </provider>
131        <provider
131-->[:react-native-webview] AndroidManifest.xml:12:9-20:20
132            android:name="com.reactnativecommunity.webview.RNCWebViewFileProvider"
132-->[:react-native-webview] AndroidManifest.xml:13:13-83
133            android:authorities="com.wb.wedcellbussiness.fileprovider"
133-->[:react-native-webview] AndroidManifest.xml:14:13-64
134            android:exported="false"
134-->[:react-native-webview] AndroidManifest.xml:15:13-37
135            android:grantUriPermissions="true" >
135-->[:react-native-webview] AndroidManifest.xml:16:13-47
136            <meta-data
136-->[:react-native-image-crop-picker] AndroidManifest.xml:24:13-26:58
137                android:name="android.support.FILE_PROVIDER_PATHS"
137-->[:react-native-image-crop-picker] AndroidManifest.xml:25:17-67
138                android:resource="@xml/file_provider_paths" />
138-->[:react-native-image-crop-picker] AndroidManifest.xml:26:17-55
139        </provider>
140
141        <activity
141-->[com.google.firebase:firebase-auth:21.0.5] AndroidManifest.xml:27:9-44:20
142            android:name="com.google.firebase.auth.internal.GenericIdpActivity"
142-->[com.google.firebase:firebase-auth:21.0.5] AndroidManifest.xml:28:13-80
143            android:excludeFromRecents="true"
143-->[com.google.firebase:firebase-auth:21.0.5] AndroidManifest.xml:29:13-46
144            android:exported="true"
144-->[com.google.firebase:firebase-auth:21.0.5] AndroidManifest.xml:30:13-36
145            android:launchMode="singleTask"
145-->[com.google.firebase:firebase-auth:21.0.5] AndroidManifest.xml:31:13-44
146            android:theme="@android:style/Theme.Translucent.NoTitleBar" >
146-->[com.google.firebase:firebase-auth:21.0.5] AndroidManifest.xml:32:13-72
147            <intent-filter>
147-->[com.google.firebase:firebase-auth:21.0.5] AndroidManifest.xml:33:13-43:29
148                <action android:name="android.intent.action.VIEW" />
148-->[com.google.firebase:firebase-auth:21.0.5] AndroidManifest.xml:34:17-69
148-->[com.google.firebase:firebase-auth:21.0.5] AndroidManifest.xml:34:25-66
149
150                <category android:name="android.intent.category.DEFAULT" />
150-->[com.google.firebase:firebase-auth:21.0.5] AndroidManifest.xml:36:17-76
150-->[com.google.firebase:firebase-auth:21.0.5] AndroidManifest.xml:36:27-73
151                <category android:name="android.intent.category.BROWSABLE" />
151-->[com.google.firebase:firebase-auth:21.0.5] AndroidManifest.xml:37:17-78
151-->[com.google.firebase:firebase-auth:21.0.5] AndroidManifest.xml:37:27-75
152
153                <data
153-->[com.google.firebase:firebase-auth:21.0.5] AndroidManifest.xml:39:17-42:51
154                    android:host="firebase.auth"
154-->[com.google.firebase:firebase-auth:21.0.5] AndroidManifest.xml:40:21-49
155                    android:path="/"
155-->[com.google.firebase:firebase-auth:21.0.5] AndroidManifest.xml:41:21-37
156                    android:scheme="genericidp" />
156-->[com.google.firebase:firebase-auth:21.0.5] AndroidManifest.xml:42:21-48
157            </intent-filter>
158        </activity>
159        <activity
159-->[com.google.firebase:firebase-auth:21.0.5] AndroidManifest.xml:45:9-62:20
160            android:name="com.google.firebase.auth.internal.RecaptchaActivity"
160-->[com.google.firebase:firebase-auth:21.0.5] AndroidManifest.xml:46:13-79
161            android:excludeFromRecents="true"
161-->[com.google.firebase:firebase-auth:21.0.5] AndroidManifest.xml:47:13-46
162            android:exported="true"
162-->[com.google.firebase:firebase-auth:21.0.5] AndroidManifest.xml:48:13-36
163            android:launchMode="singleTask"
163-->[com.google.firebase:firebase-auth:21.0.5] AndroidManifest.xml:49:13-44
164            android:theme="@android:style/Theme.Translucent.NoTitleBar" >
164-->[com.google.firebase:firebase-auth:21.0.5] AndroidManifest.xml:50:13-72
165            <intent-filter>
165-->[com.google.firebase:firebase-auth:21.0.5] AndroidManifest.xml:51:13-61:29
166                <action android:name="android.intent.action.VIEW" />
166-->[com.google.firebase:firebase-auth:21.0.5] AndroidManifest.xml:34:17-69
166-->[com.google.firebase:firebase-auth:21.0.5] AndroidManifest.xml:34:25-66
167
168                <category android:name="android.intent.category.DEFAULT" />
168-->[com.google.firebase:firebase-auth:21.0.5] AndroidManifest.xml:36:17-76
168-->[com.google.firebase:firebase-auth:21.0.5] AndroidManifest.xml:36:27-73
169                <category android:name="android.intent.category.BROWSABLE" />
169-->[com.google.firebase:firebase-auth:21.0.5] AndroidManifest.xml:37:17-78
169-->[com.google.firebase:firebase-auth:21.0.5] AndroidManifest.xml:37:27-75
170
171                <data
171-->[com.google.firebase:firebase-auth:21.0.5] AndroidManifest.xml:39:17-42:51
172                    android:host="firebase.auth"
172-->[com.google.firebase:firebase-auth:21.0.5] AndroidManifest.xml:40:21-49
173                    android:path="/"
173-->[com.google.firebase:firebase-auth:21.0.5] AndroidManifest.xml:41:21-37
174                    android:scheme="recaptcha" />
174-->[com.google.firebase:firebase-auth:21.0.5] AndroidManifest.xml:42:21-48
175            </intent-filter>
176        </activity>
177
178        <receiver
178-->[com.google.firebase:firebase-messaging:23.0.5] AndroidManifest.xml:31:9-38:20
179            android:name="com.google.firebase.iid.FirebaseInstanceIdReceiver"
179-->[com.google.firebase:firebase-messaging:23.0.5] AndroidManifest.xml:32:13-78
180            android:exported="true"
180-->[com.google.firebase:firebase-messaging:23.0.5] AndroidManifest.xml:33:13-36
181            android:permission="com.google.android.c2dm.permission.SEND" >
181-->[com.google.firebase:firebase-messaging:23.0.5] AndroidManifest.xml:34:13-73
182            <intent-filter>
182-->[:react-native-firebase_messaging] AndroidManifest.xml:31:13-33:29
183                <action android:name="com.google.android.c2dm.intent.RECEIVE" />
183-->[:react-native-firebase_messaging] AndroidManifest.xml:32:17-81
183-->[:react-native-firebase_messaging] AndroidManifest.xml:32:25-78
184            </intent-filter>
185        </receiver>
186        <!--
187             FirebaseMessagingService performs security checks at runtime,
188             but set to not exported to explicitly avoid allowing another app to call it.
189        -->
190        <service
190-->[com.google.firebase:firebase-messaging:23.0.5] AndroidManifest.xml:44:9-51:19
191            android:name="com.google.firebase.messaging.FirebaseMessagingService"
191-->[com.google.firebase:firebase-messaging:23.0.5] AndroidManifest.xml:45:13-82
192            android:directBootAware="true"
192-->[com.google.firebase:firebase-messaging:23.0.5] AndroidManifest.xml:46:13-43
193            android:exported="false" >
193-->[com.google.firebase:firebase-messaging:23.0.5] AndroidManifest.xml:47:13-37
194            <intent-filter android:priority="-500" >
194-->[:react-native-firebase_messaging] AndroidManifest.xml:22:13-24:29
195                <action android:name="com.google.firebase.MESSAGING_EVENT" />
195-->[:react-native-firebase_messaging] AndroidManifest.xml:23:17-78
195-->[:react-native-firebase_messaging] AndroidManifest.xml:23:25-75
196            </intent-filter>
197        </service>
198        <service
198-->[com.google.android.datatransport:transport-backend-cct:3.1.5] AndroidManifest.xml:29:9-35:19
199            android:name="com.google.android.datatransport.runtime.backends.TransportBackendDiscovery"
199-->[com.google.android.datatransport:transport-backend-cct:3.1.5] AndroidManifest.xml:30:13-103
200            android:exported="false" >
200-->[com.google.android.datatransport:transport-backend-cct:3.1.5] AndroidManifest.xml:31:13-37
201            <meta-data
201-->[com.google.android.datatransport:transport-backend-cct:3.1.5] AndroidManifest.xml:32:13-34:39
202                android:name="backend:com.google.android.datatransport.cct.CctBackendFactory"
202-->[com.google.android.datatransport:transport-backend-cct:3.1.5] AndroidManifest.xml:33:17-94
203                android:value="cct" />
203-->[com.google.android.datatransport:transport-backend-cct:3.1.5] AndroidManifest.xml:34:17-36
204        </service>
205        <service
205-->[com.google.android.datatransport:transport-runtime:3.1.5] AndroidManifest.xml:26:9-30:19
206            android:name="com.google.android.datatransport.runtime.scheduling.jobscheduling.JobInfoSchedulerService"
206-->[com.google.android.datatransport:transport-runtime:3.1.5] AndroidManifest.xml:27:13-117
207            android:exported="false"
207-->[com.google.android.datatransport:transport-runtime:3.1.5] AndroidManifest.xml:28:13-37
208            android:permission="android.permission.BIND_JOB_SERVICE" >
208-->[com.google.android.datatransport:transport-runtime:3.1.5] AndroidManifest.xml:29:13-69
209        </service>
210
211        <receiver
211-->[com.google.android.datatransport:transport-runtime:3.1.5] AndroidManifest.xml:32:9-34:40
212            android:name="com.google.android.datatransport.runtime.scheduling.jobscheduling.AlarmManagerSchedulerBroadcastReceiver"
212-->[com.google.android.datatransport:transport-runtime:3.1.5] AndroidManifest.xml:33:13-132
213            android:exported="false" />
213-->[com.google.android.datatransport:transport-runtime:3.1.5] AndroidManifest.xml:34:13-37
214
215        <provider
215-->[com.google.firebase:firebase-common:20.1.1] AndroidManifest.xml:26:9-31:39
216            android:name="com.google.firebase.provider.FirebaseInitProvider"
216-->[com.google.firebase:firebase-common:20.1.1] AndroidManifest.xml:27:13-77
217            android:authorities="com.wb.wedcellbussiness.firebaseinitprovider"
217-->[com.google.firebase:firebase-common:20.1.1] AndroidManifest.xml:28:13-72
218            android:directBootAware="true"
218-->[com.google.firebase:firebase-common:20.1.1] AndroidManifest.xml:29:13-43
219            android:exported="false"
219-->[com.google.firebase:firebase-common:20.1.1] AndroidManifest.xml:30:13-37
220            android:initOrder="100" />
220-->[com.google.firebase:firebase-common:20.1.1] AndroidManifest.xml:31:13-36
221
222        <activity
222-->[com.google.android.gms:play-services-auth:20.2.0] AndroidManifest.xml:23:9-27:75
223            android:name="com.google.android.gms.auth.api.signin.internal.SignInHubActivity"
223-->[com.google.android.gms:play-services-auth:20.2.0] AndroidManifest.xml:24:13-93
224            android:excludeFromRecents="true"
224-->[com.google.android.gms:play-services-auth:20.2.0] AndroidManifest.xml:25:13-46
225            android:exported="false"
225-->[com.google.android.gms:play-services-auth:20.2.0] AndroidManifest.xml:26:13-37
226            android:theme="@android:style/Theme.Translucent.NoTitleBar" />
226-->[com.google.android.gms:play-services-auth:20.2.0] AndroidManifest.xml:27:13-72
227        <!--
228            Service handling Google Sign-In user revocation. For apps that do not integrate with
229            Google Sign-In, this service will never be started.
230        -->
231        <service
231-->[com.google.android.gms:play-services-auth:20.2.0] AndroidManifest.xml:33:9-37:51
232            android:name="com.google.android.gms.auth.api.signin.RevocationBoundService"
232-->[com.google.android.gms:play-services-auth:20.2.0] AndroidManifest.xml:34:13-89
233            android:exported="true"
233-->[com.google.android.gms:play-services-auth:20.2.0] AndroidManifest.xml:35:13-36
234            android:permission="com.google.android.gms.auth.api.signin.permission.REVOCATION_NOTIFICATION"
234-->[com.google.android.gms:play-services-auth:20.2.0] AndroidManifest.xml:36:13-107
235            android:visibleToInstantApps="true" />
235-->[com.google.android.gms:play-services-auth:20.2.0] AndroidManifest.xml:37:13-48
236
237        <activity
237-->[com.google.android.gms:play-services-base:18.0.1] AndroidManifest.xml:20:9-22:45
238            android:name="com.google.android.gms.common.api.GoogleApiActivity"
238-->[com.google.android.gms:play-services-base:18.0.1] AndroidManifest.xml:20:19-85
239            android:exported="false"
239-->[com.google.android.gms:play-services-base:18.0.1] AndroidManifest.xml:22:19-43
240            android:theme="@android:style/Theme.Translucent.NoTitleBar" />
240-->[com.google.android.gms:play-services-base:18.0.1] AndroidManifest.xml:21:19-78
241
242        <meta-data
242-->[com.google.android.gms:play-services-basement:18.0.0] AndroidManifest.xml:21:9-23:69
243            android:name="com.google.android.gms.version"
243-->[com.google.android.gms:play-services-basement:18.0.0] AndroidManifest.xml:22:13-58
244            android:value="@integer/google_play_services_version" />
244-->[com.google.android.gms:play-services-basement:18.0.0] AndroidManifest.xml:23:13-66
245    </application>
246
247</manifest>